<?xml version="1.0" encoding="UTF-8"?>
<testng-results ignored="0" total="2" passed="2" failed="0" skipped="0">
  <reporter-output>
  </reporter-output>
  <suite started-at="2022-04-01T16:41:56 EDT" name="OpercartSuite" finished-at="2022-04-01T16:42:07 EDT" duration-ms="11121">
    <groups>
      <group name="regression">
        <method signature="TC_001_AccountRegistration.test_account_Registration()[pri:0, instance:testCases.TC_001_AccountRegistration@306e95ec]" name="test_account_Registration" class="testCases.TC_001_AccountRegistration"/>
      </group> <!-- regression -->
      <group name="sanity">
        <method signature="TC_002_Login.test_Login()[pri:0, instance:testCases.TC_002_Login@2ed2d9cb]" name="test_Login" class="testCases.TC_002_Login"/>
      </group> <!-- sanity -->
      <group name="master">
        <method signature="TC_001_AccountRegistration.test_account_Registration()[pri:0, instance:testCases.TC_001_AccountRegistration@306e95ec]" name="test_account_Registration" class="testCases.TC_001_AccountRegistration"/>
        <method signature="TC_002_Login.test_Login()[pri:0, instance:testCases.TC_002_Login@2ed2d9cb]" name="test_Login" class="testCases.TC_002_Login"/>
      </group> <!-- master -->
    </groups>
    <test started-at="2022-04-01T16:41:56 EDT" name="OpenCartTests" finished-at="2022-04-01T16:42:07 EDT" duration-ms="11121">
      <class name="testCases.TC_002_Login">
        <test-method is-config="true" signature="setup(java.lang.String)[pri:0, instance:testCases.TC_002_Login@2ed2d9cb]" started-at="2022-04-01T16:42:02 EDT" name="setup" finished-at="2022-04-01T16:42:04 EDT" duration-ms="1813" status="PASS">
          <params>
            <param index="0">
              <value>
                <![CDATA[chrome]]>
              </value>
            </param>
          </params>
          <reporter-output>
          </reporter-output>
        </test-method> <!-- setup -->
        <test-method signature="test_Login()[pri:0, instance:testCases.TC_002_Login@2ed2d9cb]" started-at="2022-04-01T16:42:04 EDT" name="test_Login" finished-at="2022-04-01T16:42:07 EDT" duration-ms="2517" status="PASS">
          <reporter-output>
          </reporter-output>
        </test-method> <!-- test_Login -->
        <test-method is-config="true" signature="tearDown()[pri:0, instance:testCases.TC_002_Login@2ed2d9cb]" started-at="2022-04-01T16:42:07 EDT" name="tearDown" finished-at="2022-04-01T16:42:07 EDT" duration-ms="63" status="PASS">
          <reporter-output>
          </reporter-output>
        </test-method> <!-- tearDown -->
      </class> <!-- testCases.TC_002_Login -->
      <class name="testCases.TC_001_AccountRegistration">
        <test-method is-config="true" signature="setup(java.lang.String)[pri:0, instance:testCases.TC_001_AccountRegistration@306e95ec]" started-at="2022-04-01T16:41:56 EDT" name="setup" finished-at="2022-04-01T16:41:59 EDT" duration-ms="3500" status="PASS">
          <params>
            <param index="0">
              <value>
                <![CDATA[chrome]]>
              </value>
            </param>
          </params>
          <reporter-output>
          </reporter-output>
        </test-method> <!-- setup -->
        <test-method signature="test_account_Registration()[pri:0, instance:testCases.TC_001_AccountRegistration@306e95ec]" started-at="2022-04-01T16:41:59 EDT" name="test_account_Registration" finished-at="2022-04-01T16:42:02 EDT" duration-ms="2912" status="PASS">
          <reporter-output>
          </reporter-output>
        </test-method> <!-- test_account_Registration -->
        <test-method is-config="true" signature="tearDown()[pri:0, instance:testCases.TC_001_AccountRegistration@306e95ec]" started-at="2022-04-01T16:42:02 EDT" name="tearDown" finished-at="2022-04-01T16:42:02 EDT" duration-ms="70" status="PASS">
          <reporter-output>
          </reporter-output>
        </test-method> <!-- tearDown -->
      </class> <!-- testCases.TC_001_AccountRegistration -->
    </test> <!-- OpenCartTests -->
  </suite> <!-- OpercartSuite -->
</testng-results>
